[debug] [2023-05-22T11:25:39.597Z] ----------------------------------------------------------------------
[debug] [2023-05-22T11:25:39.598Z] Command:       C:\Program Files\nodejs\node.exe C:\Users\HP LAPTOP\AppData\Roaming\npm\node_modules\firebase-tools\lib\bin\firebase.js deploy
[debug] [2023-05-22T11:25:39.598Z] CLI Version:   12.1.0
[debug] [2023-05-22T11:25:39.599Z] Platform:      win32
[debug] [2023-05-22T11:25:39.599Z] Node Version:  v18.15.0
[debug] [2023-05-22T11:25:39.600Z] Time:          Mon May 22 2023 16:55:39 GMT+0530 (India Standard Time)
[debug] [2023-05-22T11:25:39.600Z] ----------------------------------------------------------------------
[debug] 
[debug] [2023-05-22T11:25:39.661Z] > command requires scopes: ["email","openid","https://www.googleapis.com/auth/cloudplatformprojects.readonly","https://www.googleapis.com/auth/firebase","https://www.googleapis.com/auth/cloud-platform"]
[debug] [2023-05-22T11:25:39.661Z] > authorizing via signed-in user (currandoddabele@gmail.com)
[debug] [2023-05-22T11:25:39.661Z] [iam] checking project devign-2c397 for permissions ["firebase.projects.get","firebasehosting.sites.update"]
[debug] [2023-05-22T11:25:39.663Z] > refreshing access token with scopes: []
[debug] [2023-05-22T11:25:39.664Z] >>> [apiv2][query] POST https://www.googleapis.com/oauth2/v3/token [none]
[debug] [2023-05-22T11:25:39.665Z] >>> [apiv2][body] POST https://www.googleapis.com/oauth2/v3/token [omitted]
[debug] [2023-05-22T11:25:46.260Z] <<< [apiv2][status] POST https://www.googleapis.com/oauth2/v3/token 200
[debug] [2023-05-22T11:25:46.261Z] <<< [apiv2][body] POST https://www.googleapis.com/oauth2/v3/token [omitted]
[debug] [2023-05-22T11:25:46.272Z] >>> [apiv2][query] POST https://cloudresourcemanager.googleapis.com/v1/projects/devign-2c397:testIamPermissions [none]
[debug] [2023-05-22T11:25:46.273Z] >>> [apiv2][(partial)header] POST https://cloudresourcemanager.googleapis.com/v1/projects/devign-2c397:testIamPermissions x-goog-quota-user=projects/devign-2c397
[debug] [2023-05-22T11:25:46.273Z] >>> [apiv2][body] POST https://cloudresourcemanager.googleapis.com/v1/projects/devign-2c397:testIamPermissions {"permissions":["firebase.projects.get","firebasehosting.sites.update"]}
[debug] [2023-05-22T11:25:47.714Z] <<< [apiv2][status] POST https://cloudresourcemanager.googleapis.com/v1/projects/devign-2c397:testIamPermissions 200
[debug] [2023-05-22T11:25:47.715Z] <<< [apiv2][body] POST https://cloudresourcemanager.googleapis.com/v1/projects/devign-2c397:testIamPermissions {"permissions":["firebase.projects.get","firebasehosting.sites.update"]}
[debug] [2023-05-22T11:25:47.715Z] >>> [apiv2][query] GET https://firebase.googleapis.com/v1beta1/projects/devign-2c397 [none]
[debug] [2023-05-22T11:25:49.465Z] <<< [apiv2][status] GET https://firebase.googleapis.com/v1beta1/projects/devign-2c397 200
[debug] [2023-05-22T11:25:49.466Z] <<< [apiv2][body] GET https://firebase.googleapis.com/v1beta1/projects/devign-2c397 {"projectId":"devign-2c397","projectNumber":"658571054659","displayName":"devign","name":"projects/devign-2c397","resources":{"hostingSite":"devign-2c397"},"state":"ACTIVE","etag":"1_f071254e-eb8d-41fc-8647-749424a182bd"}
[info] 
[info] === Deploying to 'devign-2c397'...
[info] 
[info] i  deploying hosting 
[debug] [2023-05-22T11:25:49.473Z] >>> [apiv2][query] POST https://firebasehosting.googleapis.com/v1beta1/projects/-/sites/devign-2c397/versions [none]
[debug] [2023-05-22T11:25:49.473Z] >>> [apiv2][body] POST https://firebasehosting.googleapis.com/v1beta1/projects/-/sites/devign-2c397/versions {"status":"CREATED","labels":{"deployment-tool":"cli-firebase"}}
[debug] [2023-05-22T11:25:51.499Z] <<< [apiv2][status] POST https://firebasehosting.googleapis.com/v1beta1/projects/-/sites/devign-2c397/versions 200
[debug] [2023-05-22T11:25:51.499Z] <<< [apiv2][body] POST https://firebasehosting.googleapis.com/v1beta1/projects/-/sites/devign-2c397/versions {"name":"projects/658571054659/sites/devign-2c397/versions/e57857d3653e38f2","status":"CREATED","config":{},"labels":{"deployment-tool":"cli-firebase"}}
[info] i  hosting[devign-2c397]: beginning deploy... 
[info] i  hosting[devign-2c397]: found 53 files in build 
[debug] [2023-05-22T11:25:51.521Z] [hosting] uploading with 200 concurrency
[debug] [2023-05-22T11:25:51.718Z] [hosting] hash cache [YnVpbGQ] stored for 53 files
[debug] [2023-05-22T11:25:51.718Z] [hosting][hash queue][FINAL] {"max":183,"min":1,"avg":9.867924528301886,"active":0,"complete":53,"success":53,"errored":0,"retried":0,"total":53,"elapsed":192}
[debug] [2023-05-22T11:25:51.718Z] >>> [apiv2][query] POST https://firebasehosting.googleapis.com/v1beta1/projects/658571054659/sites/devign-2c397/versions/e57857d3653e38f2:populateFiles [none]
[debug] [2023-05-22T11:25:51.719Z] >>> [apiv2][body] POST https://firebasehosting.googleapis.com/v1beta1/projects/658571054659/sites/devign-2c397/versions/e57857d3653e38f2:populateFiles {"files":{"/style.css":"1764d12621b3ba06b89d3ad34f15d1a8799dd14bb7600cf2c4f1cf773dfa2c95","/assets/logo.png":"c777fb314136920d91fee91a302810eedbbb26bf27684408fbd33dc25ad117bb","/assets/contact/call.png":"280371e6c83575ec488a4f34fcf8219c54036e796118d668a1e5668213a96a10","/assets/contact/email.png":"6487c85ffd992626d94fdf4dd13e24b3b0199695989417d1b29e9ce2d4750207","/assets/fonts/Ailerons-Typeface.otf":"4d168f028072a8bb570f884d35c55491ce1688d1c8ce17ccc854c1e793b20184","/assets/fonts/CormorantSC-Bold.ttf":"0f7447d6bfff910d589e599303ba3d90793a907df91c3e563f8b24c9eb58dc07","/assets/fonts/CormorantSC-Light.ttf":"39b8041c55d03851c88d77fda3da4a632ae838f396fc7e521f108ee7c5d604af","/assets/fonts/CormorantSC-Medium.ttf":"dcfcd4881062a6a5323faf74fcfff20e0fd3de9647721c63b0823769661b9e67","/assets/fonts/CormorantSC-Regular.ttf":"fb15912ff6f3a4f542c88a7a26054ec6ab80edb197fec1cfb89d794b59b422a1","/assets/fonts/CormorantSC-SemiBold.ttf":"f9e2ac732b2a2807022a6026a80e7168d886bff370a2cebbbf19e3915c6160c1","/assets/footer/instagram.png":"effd76fbadcf8fce284e2e27fa4f100988f323ba706d154cf8b55c5d42b51357","/assets/footer/whatsapp.png":"1de0f4665ac72200b5f43dbbac8f16165f2ed57bded8db5a27f85f45c7e3e487","/assets/homepage/bullet.png":"239799640e19dad6340a70140eba32a9db77d9ad1579fe37e7932f251d0ef00f","/assets/homepage/chat.png":"12d47f724ed8cc5d2662d5f75eca3d003ed8560e03634507c24167ed14b7834d","/assets/homepage/heroSectionBg.png":"91a435b59af036d9f08f6efe8a7d47481a6e26d395b4003b9125c2c3d712eec7","/assets/homepage/heroTitleBg.png":"dd86caf6fe7423a009fb305c321fd399ebc55f6862cf9d8961519e82a7099dfe","/assets/homepage/hi.png":"43932d5a703b5626df92cbf3fb1b2fcf96527d2e03a421314d3684175dc15f23","/assets/homepage/increase.png":"48980153db9275d27308ce77888b48dac58f58b49d69ffd5391ae9f68dfcb16c","/assets/homepage/network.png":"c50028b45488ec9345725f50830a60339d93c75ab63ac32adb9884200c56e258","/assets/homepage/whatCanWeDo.png":"30bac8a12d4a78d56a90b51b0d7e2336de4870c6420f611eb4f4c8070856f02d","/assets/homepage/whatCanWeDo0.png":"e61a176d727907687fef01aec32d41015b4c46cd75bd40260500a6c94062b5cc","/assets/homepage/whatCanWeDo1.png":"34d473bdb81f76207d14470051d6c689e58cb3f695c210755d416755678ba882","/assets/homepage/whatCanWeDo2.png":"00edd3c50f181e8c2432c136c0a6b92b6034c0272e0e11b0abd78de7448e5bf7","/assets/homepage/whyPickUs0.png":"7c971df552ceb545abbdc1de0e66f11d592daf585ee39fbfd2745a3c7dc4f814","/assets/homepage/whyPickUs1.png":"724cdd379e677bc90395f3ec79971ad1a2f9784001ebba8679182d613f4cd74d","/assets/homepage/whyPickUs2.png":"293d4215b7c05fa1d98695396d7b8577e995c78da5a9f396d324a77a9994c601","/assets/services/html.png":"457921d642dcb70e2a250381a077c61458a79f7e7e7b1213a7c87046092540ca","/assets/services/serviceImage0.png":"4bd0880338521e2f29ca61bd4c5ac92c9dd1839a94306fce42391466df84d35b","/assets/services/serviceImage1.png":"f13d9f68f1e3c57d69c530890c798b8d7264d97c0c48cc10293ba5d40c025389","/assets/services/serviceImage2.png":"d5229e1f5bfd693a5c306e06e5b3a144a1a8499ce102f588cbf09e20c3f1d1d2","/assets/services/serviceImage3.png":"a5d301639fa42dcf54a5bbe01083c2b81ab0818e73037eafe223b454fc9a7c76","/assets/services/serviceImage4.png":"daf6b4e4d532d530cdef495b1b532541f7a4258c9528046bdf43f126a61d8263","/assets/services/serviceImage5.png":"97dbf7babd8568685d67a86ec118f32b495e26a817bbd2aca238496e391bc96c","/assets/services/serviceImage6.png":"041eaf6cdeea99f5716f53da8ab9116feeeafb8a92309418281e5a2143fe82a8","/assets/services/serviceImage7.png":"a96bb95e28248ab67355c62d28f18a64206a483d7a3e35bb54b0ad47c29653f5","/assets/services/wordpress.png":"adad38a18c1f3317d139f2f461c5d775f883737ac2622b87f98357a5bcda29e0","/assets/work/adityainterio.png":"73826e8733c1311e8b416ad1bb53eb4ebc77aeb2c1427b8e289ea952f643c903","/assets/work/airmusic.png":"9f9d3b726bc69e1e35174632b8e6317e6085f68f1cd3e46b4a05b70b59b393a8","/assets/work/bakery.png":"641d44e899b7e131268f08fddc86703b1d82745be7305acca5a46ba1039eb7a6","/assets/work/greencanopy.png":"6c80bb2c383d9ea84ebd28c656c11321292f805d245f70f38bfd8ecf6fe9ce42","/asset-manifest.json":"753b2d7c4a9248d02f8e4962ab9d661e3f71674fcb5a1ef4645e720a1eeb765e","/index.html":"f702e359b8527272f07a1dd784076dea29dd16885acfd35452b3ca2eb0d5ad41","/static/css/main.d6572f53.css":"672a51e3a11dc7cd15810ecd42558ac16fafcbc931670fa802aa5fcf50e96f56","/static/js/main.4749118e.js.LICENSE.txt":"46de77ad8f4658623935f6ae1b5de4acf84005aad731848725015136b8add93f","/static/media/Ailerons-Typeface.29602053d4de24fcf29c.otf":"4d168f028072a8bb570f884d35c55491ce1688d1c8ce17ccc854c1e793b20184","/static/css/main.d6572f53.css.map":"4a44b900c1070fc7cfefe1115da79959138e84d73ba724b98ec98ba26eda285d","/static/js/main.4749118e.js":"8d05496ed75964024b690d62c16b7dd6aa21edd3968eba4ecaf2bbb270515ecd","/static/media/CormorantSC-Bold.1af8d75b16c613d358e7.ttf":"0f7447d6bfff910d589e599303ba3d90793a907df91c3e563f8b24c9eb58dc07","/static/media/heroSectionBg.01bb39f16420f4ed1a4e.png":"91a435b59af036d9f08f6efe8a7d47481a6e26d395b4003b9125c2c3d712eec7","/assets/work/eventsadda.png":"03035251a6ce576d2be706b1a1d1b1c26e6bd00337a45d082b1696e93295b093","/assets/work/dronemapsindia.png":"68540eaf93bbaa713fa2c66a24367ea095da049295568d93c267bd255146f8bd","/assets/work/viradaproductions.png":"57bcd63efbe3b12758697f1b34db43b23b733979646da946c07240fd655d39f6","/static/js/main.4749118e.js.map":"4202f27134e699ecfab653611e497c9484554e7b39aac9c50ab1f1ffe6eba8df"}}
[debug] [2023-05-22T11:25:54.568Z] <<< [apiv2][status] POST https://firebasehosting.googleapis.com/v1beta1/projects/658571054659/sites/devign-2c397/versions/e57857d3653e38f2:populateFiles 200
[debug] [2023-05-22T11:25:54.568Z] <<< [apiv2][body] POST https://firebasehosting.googleapis.com/v1beta1/projects/658571054659/sites/devign-2c397/versions/e57857d3653e38f2:populateFiles {"uploadRequiredHashes":["68540eaf93bbaa713fa2c66a24367ea095da049295568d93c267bd255146f8bd","753b2d7c4a9248d02f8e4962ab9d661e3f71674fcb5a1ef4645e720a1eeb765e","57bcd63efbe3b12758697f1b34db43b23b733979646da946c07240fd655d39f6","4202f27134e699ecfab653611e497c9484554e7b39aac9c50ab1f1ffe6eba8df","8d05496ed75964024b690d62c16b7dd6aa21edd3968eba4ecaf2bbb270515ecd","03035251a6ce576d2be706b1a1d1b1c26e6bd00337a45d082b1696e93295b093","f702e359b8527272f07a1dd784076dea29dd16885acfd35452b3ca2eb0d5ad41"],"uploadUrl":"https://upload-firebasehosting.googleapis.com/upload/sites/devign-2c397/versions/e57857d3653e38f2/files"}
[debug] [2023-05-22T11:25:54.570Z] >>> [apiv2][query] POST https://upload-firebasehosting.googleapis.com/upload/sites/devign-2c397/versions/e57857d3653e38f2/files/68540eaf93bbaa713fa2c66a24367ea095da049295568d93c267bd255146f8bd [none]
[debug] [2023-05-22T11:25:54.570Z] >>> [apiv2][body] POST https://upload-firebasehosting.googleapis.com/upload/sites/devign-2c397/versions/e57857d3653e38f2/files/68540eaf93bbaa713fa2c66a24367ea095da049295568d93c267bd255146f8bd [stream]
[debug] [2023-05-22T11:25:54.574Z] >>> [apiv2][query] POST https://upload-firebasehosting.googleapis.com/upload/sites/devign-2c397/versions/e57857d3653e38f2/files/753b2d7c4a9248d02f8e4962ab9d661e3f71674fcb5a1ef4645e720a1eeb765e [none]
[debug] [2023-05-22T11:25:54.574Z] >>> [apiv2][body] POST https://upload-firebasehosting.googleapis.com/upload/sites/devign-2c397/versions/e57857d3653e38f2/files/753b2d7c4a9248d02f8e4962ab9d661e3f71674fcb5a1ef4645e720a1eeb765e [stream]
[debug] [2023-05-22T11:25:54.575Z] >>> [apiv2][query] POST https://upload-firebasehosting.googleapis.com/upload/sites/devign-2c397/versions/e57857d3653e38f2/files/57bcd63efbe3b12758697f1b34db43b23b733979646da946c07240fd655d39f6 [none]
[debug] [2023-05-22T11:25:54.575Z] >>> [apiv2][body] POST https://upload-firebasehosting.googleapis.com/upload/sites/devign-2c397/versions/e57857d3653e38f2/files/57bcd63efbe3b12758697f1b34db43b23b733979646da946c07240fd655d39f6 [stream]
[debug] [2023-05-22T11:25:54.576Z] >>> [apiv2][query] POST https://upload-firebasehosting.googleapis.com/upload/sites/devign-2c397/versions/e57857d3653e38f2/files/4202f27134e699ecfab653611e497c9484554e7b39aac9c50ab1f1ffe6eba8df [none]
[debug] [2023-05-22T11:25:54.576Z] >>> [apiv2][body] POST https://upload-firebasehosting.googleapis.com/upload/sites/devign-2c397/versions/e57857d3653e38f2/files/4202f27134e699ecfab653611e497c9484554e7b39aac9c50ab1f1ffe6eba8df [stream]
[debug] [2023-05-22T11:25:54.577Z] >>> [apiv2][query] POST https://upload-firebasehosting.googleapis.com/upload/sites/devign-2c397/versions/e57857d3653e38f2/files/8d05496ed75964024b690d62c16b7dd6aa21edd3968eba4ecaf2bbb270515ecd [none]
[debug] [2023-05-22T11:25:54.577Z] >>> [apiv2][body] POST https://upload-firebasehosting.googleapis.com/upload/sites/devign-2c397/versions/e57857d3653e38f2/files/8d05496ed75964024b690d62c16b7dd6aa21edd3968eba4ecaf2bbb270515ecd [stream]
[debug] [2023-05-22T11:25:54.580Z] >>> [apiv2][query] POST https://upload-firebasehosting.googleapis.com/upload/sites/devign-2c397/versions/e57857d3653e38f2/files/03035251a6ce576d2be706b1a1d1b1c26e6bd00337a45d082b1696e93295b093 [none]
[debug] [2023-05-22T11:25:54.580Z] >>> [apiv2][body] POST https://upload-firebasehosting.googleapis.com/upload/sites/devign-2c397/versions/e57857d3653e38f2/files/03035251a6ce576d2be706b1a1d1b1c26e6bd00337a45d082b1696e93295b093 [stream]
[debug] [2023-05-22T11:25:54.581Z] >>> [apiv2][query] POST https://upload-firebasehosting.googleapis.com/upload/sites/devign-2c397/versions/e57857d3653e38f2/files/f702e359b8527272f07a1dd784076dea29dd16885acfd35452b3ca2eb0d5ad41 [none]
[debug] [2023-05-22T11:25:54.581Z] >>> [apiv2][body] POST https://upload-firebasehosting.googleapis.com/upload/sites/devign-2c397/versions/e57857d3653e38f2/files/f702e359b8527272f07a1dd784076dea29dd16885acfd35452b3ca2eb0d5ad41 [stream]
[debug] [2023-05-22T11:25:54.582Z] [hosting][populate queue][FINAL] {"max":2856,"min":2856,"avg":2856,"active":0,"complete":1,"success":1,"errored":0,"retried":0,"total":1,"elapsed":2868}
[debug] [2023-05-22T11:25:54.582Z] [hosting] uploads queued: 7
